<entry xmlns="http://logging.apache.org/log4j/changelog"
       xmlns:xsi="http://www.w3.org/2001/XMLSchema-instance"
       xsi:schemaLocation="http://logging.apache.org/log4j/changelog https://logging.apache.org/log4j/changelog-0.1.1.xsd"
       type="changed">
  <author id="github:vy"/>
  <description format="markdown">Migrated tests to JUnit 5</description>
</entry>
